parameters: default values
rng_seed 3074733080
architecture architecture_3074733080.txt
scale_A 1 1 1
scale_D 0 0 0
scale_I 0 0 0
scale_E 0 0 0
mutation_rate 1e-05
genome_size_cm 300
female_heterogamety 0
dispersal_rate 0.001
alpha 0.005
beta 4
prob_survival 0.8
habitat_asymmetry 0.5
sel_coeff_ecol 1
preference_strength 10
preference_cost 0.01
incompatibility_cost 0
typeII_resource_utilisation 1
typeII_mate_choice 1
network_skewness 1
t_end 1 5
t_dat 1 1
initial_sequence random
Time to complete simulation: 1.40146 s
